[0.628s] Invoking command in '/home/min/dev_ws/opencv_ros/src/opencv_tutorials': PYTHONPATH=/home/min/dev_ws/opencv_ros/build/opencv_tutorials/prefix_override:/home/min/dev_ws/opencv_ros/install/opencv_tutorials/lib/python3.10/site-packages:${PYTHONPATH} /usr/bin/python3 -W ignore:setup.py install is deprecated setup.py egg_info --egg-base ../../build/opencv_tutorials build --build-base /home/min/dev_ws/opencv_ros/build/opencv_tutorials/build install --record /home/min/dev_ws/opencv_ros/build/opencv_tutorials/install.log --single-version-externally-managed install_data
[0.855s] running egg_info
[0.855s] writing ../../build/opencv_tutorials/opencv_tutorials.egg-info/PKG-INFO
[0.856s] writing dependency_links to ../../build/opencv_tutorials/opencv_tutorials.egg-info/dependency_links.txt
[0.856s] writing entry points to ../../build/opencv_tutorials/opencv_tutorials.egg-info/entry_points.txt
[0.856s] writing requirements to ../../build/opencv_tutorials/opencv_tutorials.egg-info/requires.txt
[0.856s] writing top-level names to ../../build/opencv_tutorials/opencv_tutorials.egg-info/top_level.txt
[0.857s] reading manifest file '../../build/opencv_tutorials/opencv_tutorials.egg-info/SOURCES.txt'
[0.858s] writing manifest file '../../build/opencv_tutorials/opencv_tutorials.egg-info/SOURCES.txt'
[0.858s] running build
[0.858s] running build_py
[0.859s] running install
[0.859s] running install_lib
[0.860s] running install_data
[0.860s] copying launch/optical_flow.launch.py -> /home/min/dev_ws/opencv_ros/install/opencv_tutorials/share/opencv_tutorials/launch
[0.860s] copying param/filter.yaml -> /home/min/dev_ws/opencv_ros/install/opencv_tutorials/share/opencv_tutorials/param
[0.860s] running install_egg_info
[0.861s] removing '/home/min/dev_ws/opencv_ros/install/opencv_tutorials/lib/python3.10/site-packages/opencv_tutorials-0.0.0-py3.10.egg-info' (and everything under it)
[0.862s] Copying ../../build/opencv_tutorials/opencv_tutorials.egg-info to /home/min/dev_ws/opencv_ros/install/opencv_tutorials/lib/python3.10/site-packages/opencv_tutorials-0.0.0-py3.10.egg-info
[0.862s] running install_scripts
[0.880s] Installing canny_publisher script to /home/min/dev_ws/opencv_ros/install/opencv_tutorials/lib/opencv_tutorials
[0.880s] Installing img_publisher script to /home/min/dev_ws/opencv_ros/install/opencv_tutorials/lib/opencv_tutorials
[0.880s] Installing optical_flow script to /home/min/dev_ws/opencv_ros/install/opencv_tutorials/lib/opencv_tutorials
[0.880s] writing list of installed files to '/home/min/dev_ws/opencv_ros/build/opencv_tutorials/install.log'
[0.899s] Invoked command in '/home/min/dev_ws/opencv_ros/src/opencv_tutorials' returned '0': PYTHONPATH=/home/min/dev_ws/opencv_ros/build/opencv_tutorials/prefix_override:/home/min/dev_ws/opencv_ros/install/opencv_tutorials/lib/python3.10/site-packages:${PYTHONPATH} /usr/bin/python3 -W ignore:setup.py install is deprecated setup.py egg_info --egg-base ../../build/opencv_tutorials build --build-base /home/min/dev_ws/opencv_ros/build/opencv_tutorials/build install --record /home/min/dev_ws/opencv_ros/build/opencv_tutorials/install.log --single-version-externally-managed install_data
