[0.647s] Invoking command in '/home/min/dev_ws/opencv_ros/src/opencv_tutorials': PYTHONPATH=/home/min/dev_ws/opencv_ros/build/opencv_tutorials/prefix_override:/home/min/dev_ws/opencv_ros/install/opencv_tutorials/lib/python3.10/site-packages:${PYTHONPATH} /usr/bin/python3 -W ignore:setup.py install is deprecated setup.py egg_info --egg-base ../../build/opencv_tutorials build --build-base /home/min/dev_ws/opencv_ros/build/opencv_tutorials/build install --record /home/min/dev_ws/opencv_ros/build/opencv_tutorials/install.log --single-version-externally-managed install_data
[0.907s] running egg_info
[0.907s] writing ../../build/opencv_tutorials/opencv_tutorials.egg-info/PKG-INFO
[0.907s] writing dependency_links to ../../build/opencv_tutorials/opencv_tutorials.egg-info/dependency_links.txt
[0.908s] writing entry points to ../../build/opencv_tutorials/opencv_tutorials.egg-info/entry_points.txt
[0.908s] writing requirements to ../../build/opencv_tutorials/opencv_tutorials.egg-info/requires.txt
[0.908s] writing top-level names to ../../build/opencv_tutorials/opencv_tutorials.egg-info/top_level.txt
[0.910s] reading manifest file '../../build/opencv_tutorials/opencv_tutorials.egg-info/SOURCES.txt'
[0.911s] writing manifest file '../../build/opencv_tutorials/opencv_tutorials.egg-info/SOURCES.txt'
[0.911s] running build
[0.911s] running build_py
[0.911s] copying opencv_tutorials/img_publisher.py -> /home/min/dev_ws/opencv_ros/build/opencv_tutorials/build/lib/opencv_tutorials
[0.911s] running install
[0.911s] running install_lib
[0.912s] copying /home/min/dev_ws/opencv_ros/build/opencv_tutorials/build/lib/opencv_tutorials/img_publisher.py -> /home/min/dev_ws/opencv_ros/install/opencv_tutorials/lib/python3.10/site-packages/opencv_tutorials
[0.913s] byte-compiling /home/min/dev_ws/opencv_ros/install/opencv_tutorials/lib/python3.10/site-packages/opencv_tutorials/img_publisher.py to img_publisher.cpython-310.pyc
[0.913s] running install_data
[0.913s] creating /home/min/dev_ws/opencv_ros/install/opencv_tutorials/share/opencv_tutorials/launch
[0.913s] copying launch/cammera.launch.py -> /home/min/dev_ws/opencv_ros/install/opencv_tutorials/share/opencv_tutorials/launch
[0.914s] creating /home/min/dev_ws/opencv_ros/install/opencv_tutorials/share/opencv_tutorials/param
[0.914s] copying param/size.yaml -> /home/min/dev_ws/opencv_ros/install/opencv_tutorials/share/opencv_tutorials/param
[0.914s] running install_egg_info
[0.915s] removing '/home/min/dev_ws/opencv_ros/install/opencv_tutorials/lib/python3.10/site-packages/opencv_tutorials-0.0.0-py3.10.egg-info' (and everything under it)
[0.916s] Copying ../../build/opencv_tutorials/opencv_tutorials.egg-info to /home/min/dev_ws/opencv_ros/install/opencv_tutorials/lib/python3.10/site-packages/opencv_tutorials-0.0.0-py3.10.egg-info
[0.916s] running install_scripts
[0.936s] Installing img_publisher script to /home/min/dev_ws/opencv_ros/install/opencv_tutorials/lib/opencv_tutorials
[0.937s] writing list of installed files to '/home/min/dev_ws/opencv_ros/build/opencv_tutorials/install.log'
[0.968s] Invoked command in '/home/min/dev_ws/opencv_ros/src/opencv_tutorials' returned '0': PYTHONPATH=/home/min/dev_ws/opencv_ros/build/opencv_tutorials/prefix_override:/home/min/dev_ws/opencv_ros/install/opencv_tutorials/lib/python3.10/site-packages:${PYTHONPATH} /usr/bin/python3 -W ignore:setup.py install is deprecated setup.py egg_info --egg-base ../../build/opencv_tutorials build --build-base /home/min/dev_ws/opencv_ros/build/opencv_tutorials/build install --record /home/min/dev_ws/opencv_ros/build/opencv_tutorials/install.log --single-version-externally-managed install_data
