running egg_info
writing ../../build/opencv_tutorials/opencv_tutorials.egg-info/PKG-INFO
writing dependency_links to ../../build/opencv_tutorials/opencv_tutorials.egg-info/dependency_links.txt
writing entry points to ../../build/opencv_tutorials/opencv_tutorials.egg-info/entry_points.txt
writing requirements to ../../build/opencv_tutorials/opencv_tutorials.egg-info/requires.txt
writing top-level names to ../../build/opencv_tutorials/opencv_tutorials.egg-info/top_level.txt
reading manifest file '../../build/opencv_tutorials/opencv_tutorials.egg-info/SOURCES.txt'
writing manifest file '../../build/opencv_tutorials/opencv_tutorials.egg-info/SOURCES.txt'
running build
running build_py
copying opencv_tutorials/optical_flow.py -> /home/min/dev_ws/opencv_ros/build/opencv_tutorials/build/lib/opencv_tutorials
running install
running install_lib
copying /home/min/dev_ws/opencv_ros/build/opencv_tutorials/build/lib/opencv_tutorials/optical_flow.py -> /home/min/dev_ws/opencv_ros/install/opencv_tutorials/lib/python3.10/site-packages/opencv_tutorials
byte-compiling /home/min/dev_ws/opencv_ros/install/opencv_tutorials/lib/python3.10/site-packages/opencv_tutorials/optical_flow.py to optical_flow.cpython-310.pyc
running install_data
copying launch/optical_flow.launch.py -> /home/min/dev_ws/opencv_ros/install/opencv_tutorials/share/opencv_tutorials/launch
running install_egg_info
removing '/home/min/dev_ws/opencv_ros/install/opencv_tutorials/lib/python3.10/site-packages/opencv_tutorials-0.0.0-py3.10.egg-info' (and everything under it)
Copying ../../build/opencv_tutorials/opencv_tutorials.egg-info to /home/min/dev_ws/opencv_ros/install/opencv_tutorials/lib/python3.10/site-packages/opencv_tutorials-0.0.0-py3.10.egg-info
running install_scripts
Installing canny_publisher script to /home/min/dev_ws/opencv_ros/install/opencv_tutorials/lib/opencv_tutorials
Installing img_publisher script to /home/min/dev_ws/opencv_ros/install/opencv_tutorials/lib/opencv_tutorials
Installing optical_flow script to /home/min/dev_ws/opencv_ros/install/opencv_tutorials/lib/opencv_tutorials
writing list of installed files to '/home/min/dev_ws/opencv_ros/build/opencv_tutorials/install.log'
