[0.499s] Invoking command in '/home/min/dev_ws/opencv_ros/src/opencv_tutorials': PYTHONPATH=/home/min/dev_ws/opencv_ros/build/opencv_tutorials/prefix_override:/home/min/dev_ws/opencv_ros/install/opencv_tutorials/lib/python3.10/site-packages: /usr/bin/python3 -W ignore:setup.py install is deprecated setup.py egg_info --egg-base ../../build/opencv_tutorials build --build-base /home/min/dev_ws/opencv_ros/build/opencv_tutorials/build install --record /home/min/dev_ws/opencv_ros/build/opencv_tutorials/install.log --single-version-externally-managed install_data
[0.684s] running egg_info
[0.685s] writing ../../build/opencv_tutorials/opencv_tutorials.egg-info/PKG-INFO
[0.685s] writing dependency_links to ../../build/opencv_tutorials/opencv_tutorials.egg-info/dependency_links.txt
[0.685s] writing entry points to ../../build/opencv_tutorials/opencv_tutorials.egg-info/entry_points.txt
[0.685s] writing requirements to ../../build/opencv_tutorials/opencv_tutorials.egg-info/requires.txt
[0.685s] writing top-level names to ../../build/opencv_tutorials/opencv_tutorials.egg-info/top_level.txt
[0.686s] reading manifest file '../../build/opencv_tutorials/opencv_tutorials.egg-info/SOURCES.txt'
[0.687s] writing manifest file '../../build/opencv_tutorials/opencv_tutorials.egg-info/SOURCES.txt'
[0.687s] running build
[0.687s] running build_py
[0.688s] copying opencv_tutorials/img_control.py -> /home/min/dev_ws/opencv_ros/build/opencv_tutorials/build/lib/opencv_tutorials
[0.688s] copying opencv_tutorials/cartoon.py -> /home/min/dev_ws/opencv_ros/build/opencv_tutorials/build/lib/opencv_tutorials
[0.688s] running install
[0.688s] running install_lib
[0.688s] copying /home/min/dev_ws/opencv_ros/build/opencv_tutorials/build/lib/opencv_tutorials/img_control.py -> /home/min/dev_ws/opencv_ros/install/opencv_tutorials/lib/python3.10/site-packages/opencv_tutorials
[0.688s] copying /home/min/dev_ws/opencv_ros/build/opencv_tutorials/build/lib/opencv_tutorials/cartoon.py -> /home/min/dev_ws/opencv_ros/install/opencv_tutorials/lib/python3.10/site-packages/opencv_tutorials
[0.689s] byte-compiling /home/min/dev_ws/opencv_ros/install/opencv_tutorials/lib/python3.10/site-packages/opencv_tutorials/img_control.py to img_control.cpython-310.pyc
[0.689s] byte-compiling /home/min/dev_ws/opencv_ros/install/opencv_tutorials/lib/python3.10/site-packages/opencv_tutorials/cartoon.py to cartoon.cpython-310.pyc
[0.690s] running install_data
[0.690s] copying launch/img_control.launch.py -> /home/min/dev_ws/opencv_ros/install/opencv_tutorials/share/opencv_tutorials/launch
[0.690s] running install_egg_info
[0.691s] removing '/home/min/dev_ws/opencv_ros/install/opencv_tutorials/lib/python3.10/site-packages/opencv_tutorials-0.0.0-py3.10.egg-info' (and everything under it)
[0.691s] Copying ../../build/opencv_tutorials/opencv_tutorials.egg-info to /home/min/dev_ws/opencv_ros/install/opencv_tutorials/lib/python3.10/site-packages/opencv_tutorials-0.0.0-py3.10.egg-info
[0.692s] running install_scripts
[0.709s] Installing canny_publisher script to /home/min/dev_ws/opencv_ros/install/opencv_tutorials/lib/opencv_tutorials
[0.709s] Installing img_control script to /home/min/dev_ws/opencv_ros/install/opencv_tutorials/lib/opencv_tutorials
[0.709s] Installing img_publisher script to /home/min/dev_ws/opencv_ros/install/opencv_tutorials/lib/opencv_tutorials
[0.709s] Installing optical_flow script to /home/min/dev_ws/opencv_ros/install/opencv_tutorials/lib/opencv_tutorials
[0.709s] writing list of installed files to '/home/min/dev_ws/opencv_ros/build/opencv_tutorials/install.log'
[0.732s] Invoked command in '/home/min/dev_ws/opencv_ros/src/opencv_tutorials' returned '0': PYTHONPATH=/home/min/dev_ws/opencv_ros/build/opencv_tutorials/prefix_override:/home/min/dev_ws/opencv_ros/install/opencv_tutorials/lib/python3.10/site-packages: /usr/bin/python3 -W ignore:setup.py install is deprecated setup.py egg_info --egg-base ../../build/opencv_tutorials build --build-base /home/min/dev_ws/opencv_ros/build/opencv_tutorials/build install --record /home/min/dev_ws/opencv_ros/build/opencv_tutorials/install.log --single-version-externally-managed install_data
